c:\users\msi-\desktop\blockchain_v4\blockchain_v4\debug\vc141.pdb
c:\users\msi-\desktop\blockchain_v4\blockchain_v4\debug\vc141.idb
c:\users\msi-\desktop\blockchain_v4\blockchain_v4\debug\mutex_win32.obj
c:\users\msi-\desktop\blockchain_v4\blockchain_v4\debug\mutex_linux.obj
c:\users\msi-\desktop\blockchain_v4\blockchain_v4\debug\nodeheartget.obj
c:\users\msi-\desktop\blockchain_v4\blockchain_v4\debug\nodeanalyse.obj
c:\users\msi-\desktop\blockchain_v4\blockchain_v4\debug\node.obj
c:\users\msi-\desktop\blockchain_v4\blockchain_v4\debug\netlistening.obj
c:\users\msi-\desktop\blockchain_v4\blockchain_v4\debug\main.obj
c:\users\msi-\desktop\blockchain_v4\blockchain_v4\debug\json_writer.obj
c:\users\msi-\desktop\blockchain_v4\blockchain_v4\debug\json_value.obj
c:\users\msi-\desktop\blockchain_v4\blockchain_v4\debug\json_reader.obj
c:\users\msi-\desktop\blockchain_v4\blockchain_v4\debug\global.obj
c:\users\msi-\desktop\blockchain_v4\blockchain_v4\debug\db_operate.obj
c:\users\msi-\desktop\blockchain_v4\blockchain_v4\debug\caserecv.obj
c:\users\msi-\desktop\blockchain_v4\blockchain_v4\debug\casebroadcast.obj
c:\users\msi-\desktop\blockchain_v4\blockchain_v4\debug\caseanalysis.obj
c:\users\msi-\desktop\blockchain_v4\blockchain_v4\debug\blockrecv.obj
c:\users\msi-\desktop\blockchain_v4\blockchain_v4\debug\blockpack.obj
c:\users\msi-\desktop\blockchain_v4\blockchain_v4\debug\blockchainsyn.obj
c:\users\msi-\desktop\blockchain_v4\blockchain_v4\debug\blockchainget.obj
c:\users\msi-\desktop\blockchain_v4\blockchain_v4\debug\blockchaincheck.obj
c:\users\msi-\desktop\blockchain_v4\blockchain_v4\debug\tools.obj
c:\users\msi-\desktop\blockchain_v4\blockchain_v4\debug\sha256.obj
c:\users\msi-\desktop\blockchain_v4\blockchain_v4\debug\rsasig.obj
c:\users\msi-\desktop\blockchain_v4\blockchain_v4\debug\thread_win32.obj
c:\users\msi-\desktop\blockchain_v4\blockchain_v4\debug\thread_linux.obj
c:\users\msi-\desktop\blockchain_v4\blockchain_v4\debug\socket.obj
c:\users\msi-\desktop\blockchain_v4\blockchain_v4\debug\semaphore_win32.obj
c:\users\msi-\desktop\blockchain_v4\blockchain_v4\debug\semaphore_linux.obj
c:\users\msi-\desktop\blockchain_v4\blockchain_v4\debug\recv_thread.obj
c:\users\msi-\desktop\blockchain_v4\blockchain_v4\debug\md5.obj
c:\users\msi-\desktop\blockchain_v4\blockchain_v4\debug\broadcast_thread.obj
c:\users\msi-\desktop\blockchain_v4\blockchain_v4\debug\analyzenodes.obj
c:\users\msi-\desktop\blockchain_v4\blockchain_v4\debug\sync_time.obj
c:\users\msi-\desktop\blockchain_v4\blockchain_v4\debug\consensus.obj
c:\users\msi-\desktop\blockchain_v4\blockchain_v4\debug\respond_merkletree.obj
c:\users\msi-\desktop\blockchain_v4\debug\blockchain_v4.ilk
c:\users\msi-\desktop\blockchain_v4\debug\blockchain_v4.exe
c:\users\msi-\desktop\blockchain_v4\debug\blockchain_v4.pdb
c:\users\msi-\desktop\blockchain_v4_副本\blockchain_v4\debug\analyzenodes.obj
c:\users\msi-\desktop\blockchain_v4_副本\blockchain_v4\debug\blockchaincheck.obj
c:\users\msi-\desktop\blockchain_v4_副本\blockchain_v4\debug\blockchainget.obj
c:\users\msi-\desktop\blockchain_v4_副本\blockchain_v4\debug\blockchainsyn.obj
c:\users\msi-\desktop\blockchain_v4_副本\blockchain_v4\debug\blockpack.obj
c:\users\msi-\desktop\blockchain_v4_副本\blockchain_v4\debug\blockrecv.obj
c:\users\msi-\desktop\blockchain_v4_副本\blockchain_v4\debug\broadcast_thread.obj
c:\users\msi-\desktop\blockchain_v4_副本\blockchain_v4\debug\caseanalysis.obj
c:\users\msi-\desktop\blockchain_v4_副本\blockchain_v4\debug\casebroadcast.obj
c:\users\msi-\desktop\blockchain_v4_副本\blockchain_v4\debug\caserecv.obj
c:\users\msi-\desktop\blockchain_v4_副本\blockchain_v4\debug\consensus.obj
c:\users\msi-\desktop\blockchain_v4_副本\blockchain_v4\debug\db_operate.obj
c:\users\msi-\desktop\blockchain_v4_副本\blockchain_v4\debug\global.obj
c:\users\msi-\desktop\blockchain_v4_副本\blockchain_v4\debug\json_reader.obj
c:\users\msi-\desktop\blockchain_v4_副本\blockchain_v4\debug\json_value.obj
c:\users\msi-\desktop\blockchain_v4_副本\blockchain_v4\debug\json_writer.obj
c:\users\msi-\desktop\blockchain_v4_副本\blockchain_v4\debug\main.obj
c:\users\msi-\desktop\blockchain_v4_副本\blockchain_v4\debug\md5.obj
c:\users\msi-\desktop\blockchain_v4_副本\blockchain_v4\debug\mutex_linux.obj
c:\users\msi-\desktop\blockchain_v4_副本\blockchain_v4\debug\mutex_win32.obj
c:\users\msi-\desktop\blockchain_v4_副本\blockchain_v4\debug\netlistening.obj
c:\users\msi-\desktop\blockchain_v4_副本\blockchain_v4\debug\node.obj
c:\users\msi-\desktop\blockchain_v4_副本\blockchain_v4\debug\nodeanalyse.obj
c:\users\msi-\desktop\blockchain_v4_副本\blockchain_v4\debug\nodeheartget.obj
c:\users\msi-\desktop\blockchain_v4_副本\blockchain_v4\debug\recv_thread.obj
c:\users\msi-\desktop\blockchain_v4_副本\blockchain_v4\debug\respond_merkletree.obj
c:\users\msi-\desktop\blockchain_v4_副本\blockchain_v4\debug\rsasig.obj
c:\users\msi-\desktop\blockchain_v4_副本\blockchain_v4\debug\semaphore_linux.obj
c:\users\msi-\desktop\blockchain_v4_副本\blockchain_v4\debug\semaphore_win32.obj
c:\users\msi-\desktop\blockchain_v4_副本\blockchain_v4\debug\sha256.obj
c:\users\msi-\desktop\blockchain_v4_副本\blockchain_v4\debug\socket.obj
c:\users\msi-\desktop\blockchain_v4_副本\blockchain_v4\debug\sync_time.obj
c:\users\msi-\desktop\blockchain_v4_副本\blockchain_v4\debug\thread_linux.obj
c:\users\msi-\desktop\blockchain_v4_副本\blockchain_v4\debug\thread_win32.obj
c:\users\msi-\desktop\blockchain_v4_副本\blockchain_v4\debug\tools.obj
c:\users\msi-\desktop\blockchain_v4_副本\blockchain_v4\debug\vc141.idb
c:\users\msi-\desktop\blockchain_v4_副本\blockchain_v4\debug\vc142.idb
c:\users\msi-\desktop\blockchain_v4_副本\blockchain_v4\debug\vc141.pdb
c:\users\msi-\desktop\blockchain_v4_副本\blockchain_v4\debug\vc142.pdb
c:\users\msi-\desktop\blockchain_v4_副本\debug\blockchain_v4.pdb
c:\users\msi-\desktop\blockchain_v4_副本\blockchain_v4\debug\blockchain_v4.tlog\cl.command.1.tlog
c:\users\msi-\desktop\blockchain_v4_副本\blockchain_v4\debug\blockchain_v4.tlog\cl.read.1.tlog
c:\users\msi-\desktop\blockchain_v4_副本\blockchain_v4\debug\blockchain_v4.tlog\cl.write.1.tlog
c:\users\msi-\desktop\blockchain_v4_副本\blockchain_v4\debug\blockchain_v4.tlog\link-cvtres.read.1.tlog
c:\users\msi-\desktop\blockchain_v4_副本\blockchain_v4\debug\blockchain_v4.tlog\link-cvtres.write.1.tlog
c:\users\msi-\desktop\blockchain_v4_副本\blockchain_v4\debug\blockchain_v4.tlog\link-rc.read.1.tlog
c:\users\msi-\desktop\blockchain_v4_副本\blockchain_v4\debug\blockchain_v4.tlog\link-rc.write.1.tlog
c:\users\msi-\desktop\blockchain_v4_副本\blockchain_v4\debug\blockchain_v4.tlog\link.31360-cvtres.read.1.tlog
c:\users\msi-\desktop\blockchain_v4_副本\blockchain_v4\debug\blockchain_v4.tlog\link.31360-cvtres.write.1.tlog
c:\users\msi-\desktop\blockchain_v4_副本\blockchain_v4\debug\blockchain_v4.tlog\link.31360-rc.read.1.tlog
c:\users\msi-\desktop\blockchain_v4_副本\blockchain_v4\debug\blockchain_v4.tlog\link.31360-rc.write.1.tlog
c:\users\msi-\desktop\blockchain_v4_副本\blockchain_v4\debug\blockchain_v4.tlog\link.31360.read.1.tlog
c:\users\msi-\desktop\blockchain_v4_副本\blockchain_v4\debug\blockchain_v4.tlog\link.31360.write.1.tlog
c:\users\msi-\desktop\blockchain_v4_副本\blockchain_v4\debug\blockchain_v4.tlog\link.command.1.tlog
c:\users\msi-\desktop\blockchain_v4_副本\blockchain_v4\debug\blockchain_v4.tlog\link.read.1.tlog
c:\users\msi-\desktop\blockchain_v4_副本\blockchain_v4\debug\blockchain_v4.tlog\link.write.1.tlog
